commit 955b68ba40e69b15b7c20805945a10d8b04ab9b7
Author: sidsun <siddharthsundaram@utexas.edu>
Date:   Sun Sep 25 17:43:40 2022 -0500

    fixed test_solve

commit 67a3998845d91629b811b1412bb7aef28d7b8e10
Author: sidsun <siddharthsundaram@utexas.edu>
Date:   Sun Sep 25 17:24:25 2022 -0500

    comenting out test_solve for now so that we can write acceptance tests

commit f9fc32ef858102f2b50deb8e3a0db8460d9886b9
Author: sidsun <siddharthsundaram@utexas.edu>
Date:   Sun Sep 25 17:14:29 2022 -0500

    implemented collatz_eval

commit 1aba6da8be28c4b267a2359e6221803e4786de5b
Author: Lauren Adams <laurensmadams@utexas.edu>
Date:   Sun Sep 25 16:36:07 2022 -0500

    phase 2 added all unit tests

commit 363333954c11c59532df9aef2cfda5ed16a08ff9
Author: Lauren Adams <laurensmadams@utexas.edu>
Date:   Sun Sep 25 16:02:57 2022 -0500

    testing phase 2 commits

commit 99defeaca829348bedb8c2609f5106551b493181
Merge: cb33f99 94baa11
Author: Lauren Adams <laurensmadams@utexas.edu>
Date:   Sun Sep 25 16:01:56 2022 -0500

    Merge branch 'dev' of https://gitlab.com/koshachii2200/collatz into dev

commit cb33f999bb552c908073482ca6e51e5219595316
Author: Lauren Adams <laurensmadams@utexas.edu>
Date:   Sun Sep 25 16:00:07 2022 -0500

    testing phase 2

commit 94baa1194d5afff76538ccf766adb9b8701e6851
Author: sidsun <siddharthsundaram@utexas.edu>
Date:   Sun Sep 25 15:41:20 2022 -0500

    phase 2 fixed unit tests

commit fd9f5d6c3d1846d243fe2bf389189393bb6b6f11
Author: Lauren Adams <laurensmadams@utexas.edu>
Date:   Sat Sep 17 18:39:06 2022 -0500

    phase 1 ci success check 2

commit e63e79d202504672e802450a3796e7782d2272b2
Author: Lauren Adams <laurensmadams@utexas.edu>
Date:   Sat Sep 17 18:36:33 2022 -0500

    phase 1 ci success check

commit 2f4fc1c2223251a23db8aab9ba4e29dde3d265de
Author: Lauren Adams <laurensmadams@utexas.edu>
Date:   Sat Sep 17 18:24:03 2022 -0500

    Phase 1 complete

commit 5084a9eb5ab257b7f2503bcc27203c148dd7bb82
Merge: 19c2037 a3d6e83
Author: Lauren Adams <laurensmadams@utexas.edu>
Date:   Sat Sep 17 18:23:38 2022 -0500

    Merge branch 'main' of https://gitlab.com/koshachii2200/collatz

commit a3d6e83e9e5291c9e4796d1eed7c966bffb92f3c
Author: Siddharth Sundaram <siddharthsundaram@utexas.edu>
Date:   Sat Sep 17 23:23:21 2022 +0000

    Delete test

commit 19c2037754f868fdb2a737b812fd6a73f3dd7b2b
Author: Lauren Adams <laurensmadams@utexas.edu>
Date:   Sat Sep 17 18:22:53 2022 -0500

    Phase 1 complete

commit 237c5bb3b710ed6a1b0120b751d80591c57b3c29
Author: sidsun <siddharthsundaram@utexas.edu>
Date:   Sat Sep 17 18:22:21 2022 -0500

    testing push

commit 77f7e922823a634346d65fbb1d2e27a24ac03e49
Author: Fares Fraij <fares@cs.utexas.edu>
Date:   Tue Aug 16 21:39:34 2022 -0500

    second commit

commit 0f5b31db30162c928bf1dac7e5652acec5e01de3
Author: Fares Fraij <fares@utexas.edu>
Date:   Wed Aug 17 02:37:31 2022 +0000

    First commit
