1 10 20
100 200 125
201 210 89
900 1000 174
1 1 1
999999 999999 259
1 2 2
999990 999999 259
1000 5000 238
5001 10000 262
1 999999 525
10001 50000 324
10 1 20
50001 100000 351
100 1000 179
1000 100 179
100001 500000 449
500000 100001 449
500001 999999 525
69 69 15
60 30 113
30 60 113
120 350 144
68 70 15
100 1 119
1 100 119
8000 11345 268
4 5 6
4 6 9
4 7 17
4 8 17
444085 406808 449
257433 557358 470
167314 6388 383
882403 577305 525
342177 886493 525
583421 37322 470
50 100 119
101 110 114
75 90 111
10 100 119
100 500 144
500 10 144
1000 1115 169
1500 1750 180
2000 1500 180
2000 3000 217
2500 7500 262
3000 2650 217
3000 5000 238
2500 2650 191
5000 8000 262
7500 10000 260
6000 7000 262
6969 6969 58
10000 12500 268
11000 13000 263
12500 15000 276
13000 16000 276
15000 17500 271
16000 19000 279
17500 20000 279
20000 50000 324
50000 100000 351
60000 80000 351
60000 70000 335
80000 75000 351
100000 125000 354
69000 420000 449
125000 775000 509
775000 999999 525
800000 900000 525
850000 900000 445
850000 825000 525
815000 825000 450
825000 835000 419
800000 840000 525
800000 815000 406
840000 850000 419
835000 840000 525
125000 150000 375
130000 200000 383
225000 200000 386
225000 300000 443
300000 500000 449
500000 750000 509
750000 775000 468
836000 839000 525
837000 838000 525
837000 837500 313
837500 837750 282
837750 838000 525
837750 837900 525
837750 837800 525
837750 837775 194
837775 837790 238
837790 837795 238
837795 837798 132
837799 837799 525
696969 696969 199
420 425 59
